  AnimationController.cpp
  CameraController.cpp
  CharacterController.cpp
  Component.cpp
  GameObject.cpp
  GameWorld.cpp
  main.cpp
  PhysicsBody.cpp
C:\Users\nlaha\Desktop\Projects\FinalGameProject\PlatformDataEngine\PlatformDataEngine\PhysicsBody.cpp(30,58): warning C4267: 'argument': conversion from 'size_t' to 'int32', possible loss of data
  PlatformDataEngineWrapper.cpp
  SpriteRenderer.cpp
  TileMap.cpp
C:\Users\nlaha\Desktop\Projects\FinalGameProject\PlatformDataEngine\PlatformDataEngine\TileMap.cpp(53,85): warning C4244: 'argument': conversion from 'int' to 'T', possible loss of data
          with
          [
              T=float
          ]
C:\Users\nlaha\Desktop\Projects\FinalGameProject\PlatformDataEngine\PlatformDataEngine\TileMap.cpp(53,63): warning C4244: 'argument': conversion from 'int' to 'T', possible loss of data
          with
          [
              T=float
          ]
C:\Users\nlaha\Desktop\Projects\FinalGameProject\PlatformDataEngine\PlatformDataEngine\TileMap.cpp(66,44): warning C4018: '>=': signed/unsigned mismatch
C:\Users\nlaha\Desktop\Projects\FinalGameProject\PlatformDataEngine\PlatformDataEngine\TileMap.cpp(66,94): warning C4018: '<=': signed/unsigned mismatch
C:\Users\nlaha\Desktop\Projects\FinalGameProject\PlatformDataEngine\PlatformDataEngine\TileMap.cpp(81,92): warning C4267: 'argument': conversion from 'size_t' to 'int32', possible loss of data
  Tileset.cpp
C:\Users\nlaha\Desktop\Projects\FinalGameProject\PlatformDataEngine\PlatformDataEngine\Tileset.cpp(53,5): warning C4267: 'argument': conversion from 'size_t' to 'T', possible loss of data
          with
          [
              T=int
          ]
C:\Users\nlaha\Desktop\Projects\FinalGameProject\PlatformDataEngine\PlatformDataEngine\Tileset.cpp(84,54): warning C4244: 'argument': conversion from 'int' to 'T', possible loss of data
          with
          [
              T=float
          ]
C:\Users\nlaha\Desktop\Projects\FinalGameProject\PlatformDataEngine\PlatformDataEngine\Tileset.cpp(84,39): warning C4244: 'argument': conversion from 'int' to 'T', possible loss of data
          with
          [
              T=float
          ]
C:\Users\nlaha\Desktop\Projects\FinalGameProject\PlatformDataEngine\PlatformDataEngine\Tileset.cpp(85,60): warning C4244: 'argument': conversion from 'int' to 'T', possible loss of data
          with
          [
              T=float
          ]
C:\Users\nlaha\Desktop\Projects\FinalGameProject\PlatformDataEngine\PlatformDataEngine\Tileset.cpp(85,45): warning C4244: 'argument': conversion from 'int' to 'T', possible loss of data
          with
          [
              T=float
          ]
C:\Users\nlaha\Desktop\Projects\FinalGameProject\PlatformDataEngine\PlatformDataEngine\Tileset.cpp(86,66): warning C4244: 'argument': conversion from 'int' to 'T', possible loss of data
          with
          [
              T=float
          ]
C:\Users\nlaha\Desktop\Projects\FinalGameProject\PlatformDataEngine\PlatformDataEngine\Tileset.cpp(86,45): warning C4244: 'argument': conversion from 'int' to 'T', possible loss of data
          with
          [
              T=float
          ]
C:\Users\nlaha\Desktop\Projects\FinalGameProject\PlatformDataEngine\PlatformDataEngine\Tileset.cpp(87,60): warning C4244: 'argument': conversion from 'int' to 'T', possible loss of data
          with
          [
              T=float
          ]
C:\Users\nlaha\Desktop\Projects\FinalGameProject\PlatformDataEngine\PlatformDataEngine\Tileset.cpp(87,39): warning C4244: 'argument': conversion from 'int' to 'T', possible loss of data
          with
          [
              T=float
          ]
  TileSprite.cpp
  TileTexture.cpp
  Generating Code...
C:\Users\nlaha\Desktop\Projects\FinalGameProject\PlatformDataEngine\PlatformDataEngine\GameObject.h(45): warning C4715: 'PlatformDataEngine::GameObject::findComponentOfType<PlatformDataEngine::PhysicsBody>': not all control paths return a value
     Creating library C:\Users\nlaha\Desktop\Projects\FinalGameProject\PlatformDataEngine\x64\Debug\PlatformDataEngine.lib and object C:\Users\nlaha\Desktop\Projects\FinalGameProject\PlatformDataEngine\x64\Debug\PlatformDataEngine.exp
  PlatformDataEngine.vcxproj -> C:\Users\nlaha\Desktop\Projects\FinalGameProject\PlatformDataEngine\x64\Debug\PlatformDataEngine.exe
